#
# A fatal error has been detected by the Java Runtime Environment:
#
#  EXCEPTION_ACCESS_VIOLATION (0xc0000005) at pc=0x0000000056af28dd, pid=4912, tid=0x00000000000023f4
#
# JRE version: Java(TM) SE Runtime Environment (8.0_191-b12) (build 1.8.0_191-b12)
# Java VM: Java HotSpot(TM) 64-Bit Server VM (25.191-b12 mixed mode windows-amd64 compressed oops)
# Problematic frame:
# V  [jvm.dll+0x5128dd]
#
# Failed to write core dump. Minidumps are not enabled by default on client versions of Windows
#
# If you would like to submit a bug report, please visit:
#   http://bugreport.java.com/bugreport/crash.jsp
#

---------------  T H R E A D  ---------------

Current thread (0x00000000164d9000):  JavaThread "C2 CompilerThread1" daemon [_thread_in_native, id=9204, stack(0x0000000016f40000,0x0000000017040000)]

siginfo: ExceptionCode=0xc0000005, reading address 0x000004001650b380

Registers:
RAX=0x000000001e0f2150, RBX=0x000000000000022c, RCX=0x000004001650b380, RDX=0x000000001703ed08
RSP=0x000000001703bcf0, RBP=0x000000001703bd69, RSI=0x000000001703c970, RDI=0x0000000000001160
R8 =0x0000000056c5f028, R9 =0x0000000000000000, R10=0x00000000203fc2f0, R11=0x000000001f905570
R12=0x000000001650af70, R13=0x000000000000002c, R14=0x000000000000136a, R15=0x0000000021a5e838
RIP=0x0000000056af28dd, EFLAGS=0x0000000000010202

Top of Stack: (sp=0x000000001703bcf0)
0x000000001703bcf0:   00000000000001dd 000000001703c970
0x000000001703bd00:   00000000218b8ed0 000000007fffffff
0x000000001703bd10:   000000001703c970 0000000056a547f6
0x000000001703bd20:   000000001703bd69 0000000018aed510
0x000000001703bd30:   000000001703eaa0 0000000021ea9f38
0x000000001703bd40:   0000000014ee07e0 0000000000002000
0x000000001703bd50:   000000001f8f5570 000000000000136a
0x000000001703bd60:   0000000056c5d888 0000000014ee07e0
0x000000001703bd70:   0000000000000200 0000000021a578f0
0x000000001703bd80:   0000000000000000 0000000056af366a
0x000000001703bd90:   0000000021a5e838 000000001703eaa0
0x000000001703bda0:   0000000021a56850 000000001703eaa0
0x000000001703bdb0:   0000000021a570f0 0000000014ee07e0
0x000000001703bdc0:   000000001703bed0 0000000056a57e87
0x000000001703bdd0:   00000000000382c0 000000001703c970
0x000000001703bde0:   000000000000002c 0000000014ee07e0 

Instructions: (pc=0x0000000056af28dd)
0x0000000056af28bd:   30 4c 89 64 24 40 8b fb 66 66 66 0f 1f 84 00 00
0x0000000056af28cd:   00 00 00 48 8b 46 50 48 8b 0c 07 48 85 c9 74 21
0x0000000056af28dd:   48 8b 01 ff 50 68 4c 8b e0 3b 5e 48 72 0b 48 8d
0x0000000056af28ed:   4e 40 8b d3 e8 2a e9 ff ff 48 8b 4e 50 4c 89 24 


Register to memory mapping:

RAX=0x000000001e0f2150 is an unknown value
RBX=0x000000000000022c is an unknown value
RCX=0x000004001650b380 is an unknown value
RDX=0x000000001703ed08 is pointing into the stack for thread: 0x00000000164d9000
RSP=0x000000001703bcf0 is pointing into the stack for thread: 0x00000000164d9000
RBP=0x000000001703bd69 is pointing into the stack for thread: 0x00000000164d9000
RSI=0x000000001703c970 is pointing into the stack for thread: 0x00000000164d9000
RDI=0x0000000000001160 is an unknown value
R8 =0x0000000056c5f028 is an unknown value
R9 =0x0000000000000000 is an unknown value
R10=0x00000000203fc2f0 is an unknown value
R11=0x000000001f905570 is an unknown value
R12=0x000000001650af70 is an unknown value
R13=0x000000000000002c is an unknown value
R14=0x000000000000136a is an unknown value
R15=0x0000000021a5e838 is an unknown value


Stack: [0x0000000016f40000,0x0000000017040000],  sp=0x000000001703bcf0,  free space=1007k
Native frames: (J=compiled Java code, j=interpreted, Vv=VM code, C=native code)
V  [jvm.dll+0x5128dd]
V  [jvm.dll+0x4747f6]
V  [jvm.dll+0x477e87]
V  [jvm.dll+0x4798b3]
V  [jvm.dll+0x45c162]
V  [jvm.dll+0xa6c82]
V  [jvm.dll+0xa75cf]
V  [jvm.dll+0x2461df]
V  [jvm.dll+0x29eb9a]
C  [msvcr100.dll+0x21d9f]
C  [msvcr100.dll+0x21e3b]
C  [kernel32.dll+0x159cd]
C  [ntdll.dll+0x5385d]


Current CompileTask:
C2:9376950 22143       4       com.android.tools.r8.graph.DexField::collectIndexedItems (38 bytes)


---------------  P R O C E S S  ---------------

Java Threads: ( => current thread )
  0x000000001fded000 JavaThread "ForkJoinPool.commonPool-worker-2" daemon [_thread_blocked, id=3100, stack(0x00000000283c0000,0x00000000284c0000)]
  0x000000001fdf0000 JavaThread "ForkJoinPool.commonPool-worker-1" daemon [_thread_blocked, id=6308, stack(0x00000000282c0000,0x00000000283c0000)]
  0x000000001fdee800 JavaThread "ForkJoinPool.commonPool-worker-0" daemon [_thread_blocked, id=5908, stack(0x0000000025a40000,0x0000000025b40000)]
  0x000000001fdee000 JavaThread "Cache worker for Java compile cache (C:\Users\Gabriel\Desktop\GoWeek\mobile\android\.gradle\4.4\javaCompile)" [_thread_blocked, id=3180, stack(0x00000000280a0000,0x00000000281a0000)]
  0x000000001fdeb800 JavaThread "Worker Daemon Execution Thread 6" [_thread_blocked, id=9176, stack(0x0000000027f20000,0x0000000028020000)]
  0x000000001fdeb000 JavaThread "Worker Daemon Execution Thread 5" [_thread_blocked, id=6324, stack(0x0000000024f90000,0x0000000025090000)]
  0x000000001fdea000 JavaThread "Worker Daemon Execution Thread 4" [_thread_blocked, id=8664, stack(0x0000000027d70000,0x0000000027e70000)]
  0x0000000021743800 JavaThread "Worker Daemon Execution Thread 3" [_thread_blocked, id=10068, stack(0x0000000027be0000,0x0000000027ce0000)]
  0x0000000021742800 JavaThread "Worker Daemon Execution Thread 2" [_thread_blocked, id=6648, stack(0x0000000022d40000,0x0000000022e40000)]
  0x0000000021745000 JavaThread "Worker Daemon Execution" [_thread_blocked, id=6260, stack(0x0000000027a30000,0x0000000027b30000)]
  0x0000000021744000 JavaThread "Worker Daemon Execution" [_thread_blocked, id=9904, stack(0x0000000026100000,0x0000000026200000)]
  0x000000002173f000 JavaThread "Task worker for ':' Thread 3" [_thread_in_native, id=6444, stack(0x0000000026000000,0x0000000026100000)]
  0x000000002173e000 JavaThread "Task worker for ':' Thread 2" [_thread_blocked, id=9936, stack(0x0000000024e90000,0x0000000024f90000)]
  0x00000000164e3000 JavaThread "Task worker for ':'" [_thread_blocked, id=9100, stack(0x0000000023e30000,0x0000000023f30000)]
  0x00000000164e2800 JavaThread "Cache worker for Build Output Cleanup Cache (C:\Users\Gabriel\Desktop\GoWeek\mobile\android\.gradle\buildOutputCleanup)" [_thread_blocked, id=10196, stack(0x0000000024500000,0x0000000024600000)]
  0x00000000164e8800 JavaThread "Cache worker for task history cache (C:\Users\Gabriel\Desktop\GoWeek\mobile\android\.gradle\4.4\taskHistory)" [_thread_blocked, id=9900, stack(0x0000000020e30000,0x0000000020f30000)]
  0x00000000164ea000 JavaThread "Cache worker for file content cache (C:\Users\Gabriel\Desktop\GoWeek\mobile\android\.gradle\4.4\fileContent)" [_thread_blocked, id=6520, stack(0x0000000022c40000,0x0000000022d40000)]
  0x00000000164e5800 JavaThread "build operations Thread 4" [_thread_blocked, id=7412, stack(0x000000001e5b0000,0x000000001e6b0000)]
  0x00000000164eb000 JavaThread "build operations Thread 3" [_thread_blocked, id=5416, stack(0x000000001e700000,0x000000001e800000)]
  0x00000000164e4800 JavaThread "build operations Thread 2" [_thread_blocked, id=6752, stack(0x000000001cd50000,0x000000001ce50000)]
  0x00000000164e4000 JavaThread "build operations" [_thread_blocked, id=4620, stack(0x0000000019c30000,0x0000000019d30000)]
  0x00000000164e6000 JavaThread "Cache worker for Artifact transforms cache (C:\Users\Gabriel\.gradle\caches\transforms-1)" [_thread_blocked, id=6968, stack(0x000000001e480000,0x000000001e580000)]
  0x00000000164eb800 JavaThread "Cache worker for file hash cache (C:\Users\Gabriel\Desktop\GoWeek\mobile\android\.gradle\4.4\fileHashes)" [_thread_blocked, id=1260, stack(0x000000001e360000,0x000000001e460000)]
  0x000000001a7de000 JavaThread "Stdin handler" [_thread_blocked, id=9392, stack(0x000000001c1f0000,0x000000001c2f0000)]
  0x000000001a7db000 JavaThread "Asynchronous log dispatcher for DefaultDaemonConnection: socket connection from /127.0.0.1:50580 to /127.0.0.1:51255" [_thread_blocked, id=4240, stack(0x0000000019ab0000,0x0000000019bb0000)]
  0x000000001a7dc800 JavaThread "Daemon worker Thread 6" [_thread_blocked, id=6016, stack(0x0000000019290000,0x0000000019390000)]
  0x000000001a7d9800 JavaThread "Cancel handler" [_thread_blocked, id=8608, stack(0x0000000019950000,0x0000000019a50000)]
  0x000000001a7dd800 JavaThread "Handler for socket connection from /127.0.0.1:50580 to /127.0.0.1:51255" [_thread_in_native, id=8780, stack(0x00000000194d0000,0x00000000195d0000)]
  0x000000001a7d9000 JavaThread "Daemon Thread 6" [_thread_blocked, id=8544, stack(0x0000000019390000,0x0000000019490000)]
  0x000000001a7da800 JavaThread "Device List Monitor" [_thread_in_native, id=4156, stack(0x0000000025450000,0x0000000025550000)]
  0x000000001a7df000 JavaThread "Monitor" [_thread_in_native, id=8788, stack(0x0000000025330000,0x0000000025430000)]
  0x00000000164e7000 JavaThread "Memory manager" [_thread_blocked, id=8412, stack(0x000000001f150000,0x000000001f250000)]
  0x00000000164df800 JavaThread "File lock request listener" [_thread_in_native, id=5016, stack(0x000000001b080000,0x000000001b180000)]
  0x00000000164de800 JavaThread "Cache worker for file hash cache (C:\Users\Gabriel\.gradle\caches\4.4\fileHashes)" [_thread_blocked, id=8840, stack(0x000000001af50000,0x000000001b050000)]
  0x00000000185de000 JavaThread "Daemon periodic checks" [_thread_blocked, id=4868, stack(0x0000000019170000,0x0000000019270000)]
  0x00000000185da800 JavaThread "Incoming local TCP Connector on port 50580" [_thread_in_native, id=8256, stack(0x0000000019070000,0x0000000019170000)]
  0x000000001653a000 JavaThread "Daemon health stats" [_thread_blocked, id=8820, stack(0x0000000017b00000,0x0000000017c00000)]
  0x0000000016555800 JavaThread "Service Thread" daemon [_thread_blocked, id=6500, stack(0x0000000016c70000,0x0000000016d70000)]
  0x00000000164dd000 JavaThread "C1 CompilerThread2" daemon [_thread_blocked, id=8160, stack(0x0000000017080000,0x0000000017180000)]
=>0x00000000164d9000 JavaThread "C2 CompilerThread1" daemon [_thread_in_native, id=9204, stack(0x0000000016f40000,0x0000000017040000)]
  0x0000000014ee4800 JavaThread "C2 CompilerThread0" daemon [_thread_in_native, id=5948, stack(0x0000000016dd0000,0x0000000016ed0000)]
  0x0000000014ee3000 JavaThread "Attach Listener" daemon [_thread_blocked, id=3068, stack(0x0000000016b60000,0x0000000016c60000)]
  0x0000000014ee1800 JavaThread "Signal Dispatcher" daemon [_thread_blocked, id=6760, stack(0x0000000016950000,0x0000000016a50000)]
  0x0000000014ecb800 JavaThread "Finalizer" daemon [_thread_blocked, id=9116, stack(0x00000000163d0000,0x00000000164d0000)]
  0x0000000014ec4800 JavaThread "Reference Handler" daemon [_thread_blocked, id=6316, stack(0x0000000016210000,0x0000000016310000)]
  0x0000000002058000 JavaThread "main" [_thread_blocked, id=4920, stack(0x0000000002480000,0x0000000002580000)]

Other Threads:
  0x0000000014e7d000 VMThread [stack: 0x0000000015f50000,0x0000000016050000] [id=4220]
  0x000000001658d000 WatcherThread [stack: 0x00000000171b0000,0x00000000172b0000] [id=9016]

VM state:not at safepoint (normal execution)

VM Mutex/Monitor currently owned by a thread: None

Heap:
 PSYoungGen      total 320000K, used 270502K [0x00000000eab00000, 0x0000000100000000, 0x0000000100000000)
  eden space 294912K, 85% used [0x00000000eab00000,0x00000000fa1ffa80,0x00000000fcb00000)
  from space 25088K, 70% used [0x00000000fe580000,0x00000000ff6a9fa0,0x00000000ffe00000)
  to   space 27136K, 0% used [0x00000000fcb00000,0x00000000fcb00000,0x00000000fe580000)
 ParOldGen       total 146432K, used 94562K [0x00000000c0000000, 0x00000000c8f00000, 0x00000000eab00000)
  object space 146432K, 64% used [0x00000000c0000000,0x00000000c5c58bd8,0x00000000c8f00000)
 Metaspace       used 88667K, capacity 92914K, committed 93208K, reserved 1130496K
  class space    used 11344K, capacity 12242K, committed 12336K, reserved 1048576K

Card table byte_map: [0x0000000011c10000,0x0000000011e20000] byte_map_base: 0x0000000011610000

Marking Bits: (ParMarkBitMap*) 0x0000000056e03e30
 Begin Bits: [0x00000000122f0000, 0x00000000132f0000)
 End Bits:   [0x00000000132f0000, 0x00000000142f0000)

Polling page: 0x0000000000350000

CodeCache: size=245760Kb used=58875Kb max_used=59943Kb free=186884Kb
 bounds [0x0000000002850000, 0x0000000006360000, 0x0000000011850000]
 total_blobs=18017 nmethods=17132 adapters=794
 compilation: enabled

Compilation events (10 events):
Event: 9375.122 Thread 0x00000000164dd000 22195       2       com.google.common.collect.Iterators$ConcatenatedIterator::transform (2 bytes)
Event: 9375.123 Thread 0x00000000164dd000 nmethod 22195 0x0000000004294890 code [0x00000000042949e0, 0x0000000004294b30]
Event: 9375.123 Thread 0x00000000164dd000 22196       2       com.google.common.collect.Iterators$ConcatenatedIterator$1::transform (37 bytes)
Event: 9375.123 Thread 0x00000000164dd000 nmethod 22196 0x000000000424d010 code [0x000000000424d1a0, 0x000000000424d578]
Event: 9375.150 Thread 0x0000000014ee4800 nmethod 22140 0x0000000005e1c050 code [0x0000000005e1c340, 0x0000000005e1d988]
Event: 9375.150 Thread 0x0000000014ee4800 22165       4       java.util.TimSort::mergeLo (659 bytes)
Event: 9375.173 Thread 0x0000000014ee4800 nmethod 22165 0x0000000004154990 code [0x0000000004154b40, 0x0000000004156558]
Event: 9375.173 Thread 0x0000000014ee4800 22163 %     4       java.util.TimSort::mergeHi @ 191 (732 bytes)
Event: 9375.186 Thread 0x0000000014ee4800 nmethod 22163% 0x00000000035bcc90 code [0x00000000035bce40, 0x00000000035be238]
Event: 9375.186 Thread 0x0000000014ee4800 22132 %     4       com.android.tools.r8.ir.optimize.DeadCodeRemover::removeDeadInstructions @ 13 (143 bytes)

GC Heap History (10 events):
Event: 156.084 GC heap before
{Heap before GC invocations=45 (full 4):
 PSYoungGen      total 299008K, used 286194K [0x00000000eab00000, 0x00000000fdf00000, 0x0000000100000000)
  eden space 285696K, 99% used [0x00000000eab00000,0x00000000fc1c6b98,0x00000000fc200000)
  from space 13312K, 5% used [0x00000000fd200000,0x00000000fd2b5f48,0x00000000fdf00000)
  to   space 14848K, 0% used [0x00000000fc200000,0x00000000fc200000,0x00000000fd080000)
 ParOldGen       total 113152K, used 94005K [0x00000000c0000000, 0x00000000c6e80000, 0x00000000eab00000)
  object space 113152K, 83% used [0x00000000c0000000,0x00000000c5bcd5f8,0x00000000c6e80000)
 Metaspace       used 80913K, capacity 83946K, committed 84120K, reserved 1122304K
  class space    used 10707K, capacity 11382K, committed 11440K, reserved 1048576K
Event: 156.110 GC heap after
Heap after GC invocations=45 (full 4):
 PSYoungGen      total 300544K, used 14834K [0x00000000eab00000, 0x0000000100000000, 0x0000000100000000)
  eden space 285696K, 0% used [0x00000000eab00000,0x00000000eab00000,0x00000000fc200000)
  from space 14848K, 99% used [0x00000000fc200000,0x00000000fd07caf0,0x00000000fd080000)
  to   space 26112K, 0% used [0x00000000fe680000,0x00000000fe680000,0x0000000100000000)
 ParOldGen       total 118784K, used 118638K [0x00000000c0000000, 0x00000000c7400000, 0x00000000eab00000)
  object space 118784K, 99% used [0x00000000c0000000,0x00000000c73dba98,0x00000000c7400000)
 Metaspace       used 80913K, capacity 83946K, committed 84120K, reserved 1122304K
  class space    used 10707K, capacity 11382K, committed 11440K, reserved 1048576K
}
Event: 156.110 GC heap before
{Heap before GC invocations=46 (full 5):
 PSYoungGen      total 300544K, used 14834K [0x00000000eab00000, 0x0000000100000000, 0x0000000100000000)
  eden space 285696K, 0% used [0x00000000eab00000,0x00000000eab00000,0x00000000fc200000)
  from space 14848K, 99% used [0x00000000fc200000,0x00000000fd07caf0,0x00000000fd080000)
  to   space 26112K, 0% used [0x00000000fe680000,0x00000000fe680000,0x0000000100000000)
 ParOldGen       total 118784K, used 118638K [0x00000000c0000000, 0x00000000c7400000, 0x00000000eab00000)
  object space 118784K, 99% used [0x00000000c0000000,0x00000000c73dba98,0x00000000c7400000)
 Metaspace       used 80913K, capacity 83946K, committed 84120K, reserved 1122304K
  class space    used 10707K, capacity 11382K, committed 11440K, reserved 1048576K
Event: 156.272 GC heap after
Heap after GC invocations=46 (full 5):
 PSYoungGen      total 300544K, used 0K [0x00000000eab00000, 0x0000000100000000, 0x0000000100000000)
  eden space 285696K, 0% used [0x00000000eab00000,0x00000000eab00000,0x00000000fc200000)
  from space 14848K, 0% used [0x00000000fc200000,0x00000000fc200000,0x00000000fd080000)
  to   space 26112K, 0% used [0x00000000fe680000,0x00000000fe680000,0x0000000100000000)
 ParOldGen       total 146432K, used 93815K [0x00000000c0000000, 0x00000000c8f00000, 0x00000000eab00000)
  object space 146432K, 64% used [0x00000000c0000000,0x00000000c5b9dfa0,0x00000000c8f00000)
 Metaspace       used 80830K, capacity 83758K, committed 84120K, reserved 1122304K
  class space    used 10676K, capacity 11330K, committed 11440K, reserved 1048576K
}
Event: 156.325 GC heap before
{Heap before GC invocations=47 (full 5):
 PSYoungGen      total 300544K, used 285694K [0x00000000eab00000, 0x0000000100000000, 0x0000000100000000)
  eden space 285696K, 99% used [0x00000000eab00000,0x00000000fc1ff868,0x00000000fc200000)
  from space 14848K, 0% used [0x00000000fc200000,0x00000000fc200000,0x00000000fd080000)
  to   space 26112K, 0% used [0x00000000fe680000,0x00000000fe680000,0x0000000100000000)
 ParOldGen       total 146432K, used 93815K [0x00000000c0000000, 0x00000000c8f00000, 0x00000000eab00000)
  object space 146432K, 64% used [0x00000000c0000000,0x00000000c5b9dfa0,0x00000000c8f00000)
 Metaspace       used 80830K, capacity 83758K, committed 84120K, reserved 1122304K
  class space    used 10676K, capacity 11330K, committed 11440K, reserved 1048576K
Event: 156.327 GC heap after
Heap after GC invocations=47 (full 5):
 PSYoungGen      total 323072K, used 96K [0x00000000eab00000, 0x0000000100000000, 0x0000000100000000)
  eden space 296960K, 0% used [0x00000000eab00000,0x00000000eab00000,0x00000000fcd00000)
  from space 26112K, 0% used [0x00000000fe680000,0x00000000fe698000,0x0000000100000000)
  to   space 26112K, 0% used [0x00000000fcd00000,0x00000000fcd00000,0x00000000fe680000)
 ParOldGen       total 146432K, used 93815K [0x00000000c0000000, 0x00000000c8f00000, 0x00000000eab00000)
  object space 146432K, 64% used [0x00000000c0000000,0x00000000c5b9dfa0,0x00000000c8f00000)
 Metaspace       used 80830K, capacity 83758K, committed 84120K, reserved 1122304K
  class space    used 10676K, capacity 11330K, committed 11440K, reserved 1048576K
}
Event: 2647.105 GC heap before
{Heap before GC invocations=48 (full 5):
 PSYoungGen      total 323072K, used 297056K [0x00000000eab00000, 0x0000000100000000, 0x0000000100000000)
  eden space 296960K, 100% used [0x00000000eab00000,0x00000000fcd00000,0x00000000fcd00000)
  from space 26112K, 0% used [0x00000000fe680000,0x00000000fe698000,0x0000000100000000)
  to   space 26112K, 0% used [0x00000000fcd00000,0x00000000fcd00000,0x00000000fe680000)
 ParOldGen       total 146432K, used 93815K [0x00000000c0000000, 0x00000000c8f00000, 0x00000000eab00000)
  object space 146432K, 64% used [0x00000000c0000000,0x00000000c5b9dfa0,0x00000000c8f00000)
 Metaspace       used 84911K, capacity 88298K, committed 88600K, reserved 1126400K
  class space    used 10983K, capacity 11704K, committed 11824K, reserved 1048576K
Event: 2647.194 GC heap after
Heap after GC invocations=48 (full 5):
 PSYoungGen      total 301568K, used 4305K [0x00000000eab00000, 0x00000000ffe00000, 0x0000000100000000)
  eden space 296960K, 0% used [0x00000000eab00000,0x00000000eab00000,0x00000000fcd00000)
  from space 4608K, 93% used [0x00000000fcd00000,0x00000000fd1347c8,0x00000000fd180000)
  to   space 25088K, 0% used [0x00000000fe580000,0x00000000fe580000,0x00000000ffe00000)
 ParOldGen       total 146432K, used 93847K [0x00000000c0000000, 0x00000000c8f00000, 0x00000000eab00000)
  object space 146432K, 64% used [0x00000000c0000000,0x00000000c5ba5fa0,0x00000000c8f00000)
 Metaspace       used 84911K, capacity 88298K, committed 88600K, reserved 1126400K
  class space    used 10983K, capacity 11704K, committed 11824K, reserved 1048576K
}
Event: 9334.845 GC heap before
{Heap before GC invocations=49 (full 5):
 PSYoungGen      total 301568K, used 301265K [0x00000000eab00000, 0x00000000ffe00000, 0x0000000100000000)
  eden space 296960K, 100% used [0x00000000eab00000,0x00000000fcd00000,0x00000000fcd00000)
  from space 4608K, 93% used [0x00000000fcd00000,0x00000000fd1347c8,0x00000000fd180000)
  to   space 25088K, 0% used [0x00000000fe580000,0x00000000fe580000,0x00000000ffe00000)
 ParOldGen       total 146432K, used 93847K [0x00000000c0000000, 0x00000000c8f00000, 0x00000000eab00000)
  object space 146432K, 64% used [0x00000000c0000000,0x00000000c5ba5fa0,0x00000000c8f00000)
 Metaspace       used 87558K, capacity 91758K, committed 92056K, reserved 1128448K
  class space    used 11246K, capacity 12116K, committed 12208K, reserved 1048576K
Event: 9336.038 GC heap after
Heap after GC invocations=49 (full 5):
 PSYoungGen      total 320000K, used 17575K [0x00000000eab00000, 0x0000000100000000, 0x0000000100000000)
  eden space 294912K, 0% used [0x00000000eab00000,0x00000000eab00000,0x00000000fcb00000)
  from space 25088K, 70% used [0x00000000fe580000,0x00000000ff6a9fa0,0x00000000ffe00000)
  to   space 27136K, 0% used [0x00000000fcb00000,0x00000000fcb00000,0x00000000fe580000)
 ParOldGen       total 146432K, used 94562K [0x00000000c0000000, 0x00000000c8f00000, 0x00000000eab00000)
  object space 146432K, 64% used [0x00000000c0000000,0x00000000c5c58bd8,0x00000000c8f00000)
 Metaspace       used 87558K, capacity 91758K, committed 92056K, reserved 1128448K
  class space    used 11246K, capacity 12116K, committed 12208K, reserved 1048576K
}

Deoptimization events (10 events):
Event: 9372.533 Thread 0x000000001fdf0000 Uncommon trap: reason=bimorphic action=maybe_recompile pc=0x000000000524da68 method=java.util.function.Predicate.lambda$and$0(Ljava/util/function/Predicate;Ljava/lang/Object;)Z @ 12
Event: 9374.126 Thread 0x0000000021431000 Uncommon trap: reason=class_check action=maybe_recompile pc=0x0000000005142564 method=com.android.tools.r8.graph.DexDebugInfo.collectMixedSectionItems(Lcom/android/tools/r8/dex/MixedSectionCollection;)V @ 2
Event: 9374.126 Thread 0x0000000021430800 Uncommon trap: reason=class_check action=maybe_recompile pc=0x0000000005142564 method=com.android.tools.r8.graph.DexDebugInfo.collectMixedSectionItems(Lcom/android/tools/r8/dex/MixedSectionCollection;)V @ 2
Event: 9374.126 Thread 0x000000001fdef800 Uncommon trap: reason=class_check action=maybe_recompile pc=0x0000000005142564 method=com.android.tools.r8.graph.DexDebugInfo.collectMixedSectionItems(Lcom/android/tools/r8/dex/MixedSectionCollection;)V @ 2
Event: 9374.142 Thread 0x0000000021430800 Uncommon trap: reason=class_check action=maybe_recompile pc=0x0000000005142564 method=com.android.tools.r8.graph.DexDebugInfo.collectMixedSectionItems(Lcom/android/tools/r8/dex/MixedSectionCollection;)V @ 2
Event: 9374.142 Thread 0x0000000021430800 Uncommon trap: reason=class_check action=maybe_recompile pc=0x000000000511d4cc method=com.android.tools.r8.graph.DexDebugInfo.collectMixedSectionItems(Lcom/android/tools/r8/dex/MixedSectionCollection;)V @ 2
Event: 9374.176 Thread 0x0000000021431000 Uncommon trap: reason=predicate action=maybe_recompile pc=0x0000000005151310 method=java.util.TimSort.mergeHi(IIII)V @ 191
Event: 9374.176 Thread 0x0000000021431000 Uncommon trap: reason=array_check action=maybe_recompile pc=0x0000000004fc3868 method=java.util.TimSort.mergeLo(IIII)V @ 133
Event: 9374.176 Thread 0x0000000021431000 Uncommon trap: reason=array_check action=maybe_recompile pc=0x0000000004fc36e8 method=java.util.TimSort.mergeLo(IIII)V @ 375
Event: 9374.176 Thread 0x0000000021431000 Uncommon trap: reason=array_check action=maybe_recompile pc=0x0000000004fc3868 method=java.util.TimSort.mergeLo(IIII)V @ 133

Classes redefined (0 events):
No events

Internal exceptions (10 events):
Event: 9374.345 Thread 0x000000001fdf0000 Exception <a 'sun/nio/fs/WindowsException'> (0x00000000f98c24b0) thrown at [C:\re\workspace\8-2-build-windows-amd64-cygwin\jdk8u191\11896\hotspot\src\share\vm\prims\jni.cpp, line 709]
Event: 9374.851 Thread 0x0000000021433800 Exception <a 'sun/nio/fs/WindowsException'> (0x00000000f997eae8) thrown at [C:\re\workspace\8-2-build-windows-amd64-cygwin\jdk8u191\11896\hotspot\src\share\vm\prims\jni.cpp, line 709]
Event: 9374.858 Thread 0x0000000021432800 Exception <a 'sun/nio/fs/WindowsException'> (0x00000000f9ba3090) thrown at [C:\re\workspace\8-2-build-windows-amd64-cygwin\jdk8u191\11896\hotspot\src\share\vm\prims\jni.cpp, line 709]
Event: 9374.886 Thread 0x0000000021431000 Exception <a 'sun/nio/fs/WindowsException'> (0x00000000f9c84bd0) thrown at [C:\re\workspace\8-2-build-windows-amd64-cygwin\jdk8u191\11896\hotspot\src\share\vm\prims\jni.cpp, line 709]
Event: 9374.887 Thread 0x0000000021430800 Exception <a 'sun/nio/fs/WindowsException'> (0x00000000f9a51ed8) thrown at [C:\re\workspace\8-2-build-windows-amd64-cygwin\jdk8u191\11896\hotspot\src\share\vm\prims\jni.cpp, line 709]
Event: 9374.888 Thread 0x0000000021431000 Exception <a 'sun/nio/fs/WindowsException'> (0x00000000f9cccfe0) thrown at [C:\re\workspace\8-2-build-windows-amd64-cygwin\jdk8u191\11896\hotspot\src\share\vm\prims\jni.cpp, line 709]
Event: 9374.890 Thread 0x0000000021431000 Exception <a 'sun/nio/fs/WindowsException'> (0x00000000f9d59810) thrown at [C:\re\workspace\8-2-build-windows-amd64-cygwin\jdk8u191\11896\hotspot\src\share\vm\prims\jni.cpp, line 709]
Event: 9374.892 Thread 0x0000000021431000 Exception <a 'sun/nio/fs/WindowsException'> (0x00000000f9d9ea40) thrown at [C:\re\workspace\8-2-build-windows-amd64-cygwin\jdk8u191\11896\hotspot\src\share\vm\prims\jni.cpp, line 709]
Event: 9374.894 Thread 0x0000000021431000 Exception <a 'sun/nio/fs/WindowsException'> (0x00000000f9da42a0) thrown at [C:\re\workspace\8-2-build-windows-amd64-cygwin\jdk8u191\11896\hotspot\src\share\vm\prims\jni.cpp, line 709]
Event: 9374.896 Thread 0x0000000021431000 Exception <a 'sun/nio/fs/WindowsException'> (0x00000000f9e2ca78) thrown at [C:\re\workspace\8-2-build-windows-amd64-cygwin\jdk8u191\11896\hotspot\src\share\vm\prims\jni.cpp, line 709]

Events (10 events):
Event: 9375.032 Thread 0x00000000164dd000 flushing nmethod 0x00000000061203d0
Event: 9375.032 Thread 0x00000000164dd000 flushing nmethod 0x000000000612ba50
Event: 9375.032 Thread 0x00000000164dd000 flushing nmethod 0x000000000613d550
Event: 9375.032 Thread 0x00000000164dd000 flushing nmethod 0x000000000613f290
Event: 9375.032 Thread 0x00000000164dd000 flushing nmethod 0x0000000006146f10
Event: 9375.032 Thread 0x00000000164dd000 flushing nmethod 0x000000000614bed0
Event: 9375.032 Thread 0x00000000164dd000 flushing nmethod 0x000000000614c590
Event: 9375.032 Thread 0x00000000164dd000 flushing nmethod 0x0000000006156610
Event: 9375.032 Thread 0x00000000164dd000 flushing nmethod 0x0000000006156950
Event: 9375.032 Thread 0x00000000164dd000 flushing nmethod 0x0000000006158d90


Dynamic libraries:
0x000000013f910000 - 0x000000013f947000 	C:\Program Files\Java\jdk1.8.0_191\bin\java.exe
0x0000000077220000 - 0x00000000773bf000 	C:\Windows\SYSTEM32\ntdll.dll
0x000007fee4be0000 - 0x000007fee4bf4000 	C:\Program Files (x86)\AVG\Antivirus\x64\aswhooka.dll
0x0000000077100000 - 0x000000007721f000 	C:\Windows\system32\kernel32.dll
0x000007fefd0a0000 - 0x000007fefd10a000 	C:\Windows\system32\KERNELBASE.dll
0x000007fefe570000 - 0x000007fefe64b000 	C:\Windows\system32\ADVAPI32.dll
0x000007fefedb0000 - 0x000007fefee4f000 	C:\Windows\system32\msvcrt.dll
0x000007feff2c0000 - 0x000007feff2df000 	C:\Windows\SYSTEM32\sechost.dll
0x000007fefe440000 - 0x000007fefe56d000 	C:\Windows\system32\RPCRT4.dll
0x0000000077000000 - 0x00000000770fa000 	C:\Windows\system32\USER32.dll
0x000007fefe3d0000 - 0x000007fefe437000 	C:\Windows\system32\GDI32.dll
0x000007feff2b0000 - 0x000007feff2be000 	C:\Windows\system32\LPK.dll
0x000007feff440000 - 0x000007feff50b000 	C:\Windows\system32\USP10.dll
0x000007fefb0e0000 - 0x000007fefb2d4000 	C:\Windows\WinSxS\amd64_microsoft.windows.common-controls_6595b64144ccf1df_6.0.7601.18837_none_fa3b1e3d17594757\COMCTL32.dll
0x000007feff2e0000 - 0x000007feff351000 	C:\Windows\system32\SHLWAPI.dll
0x000007fefed80000 - 0x000007fefedae000 	C:\Windows\system32\IMM32.DLL
0x000007fefe2c0000 - 0x000007fefe3c9000 	C:\Windows\system32\MSCTF.dll
0x000000005e3a0000 - 0x000000005e472000 	C:\Program Files\Java\jdk1.8.0_191\jre\bin\msvcr100.dll
0x00000000565e0000 - 0x0000000056e84000 	C:\Program Files\Java\jdk1.8.0_191\jre\bin\server\jvm.dll
0x000007feed9e0000 - 0x000007feed9e9000 	C:\Windows\system32\WSOCK32.dll
0x000007fefeba0000 - 0x000007fefebed000 	C:\Windows\system32\WS2_32.dll
0x000007fefe2b0000 - 0x000007fefe2b8000 	C:\Windows\system32\NSI.dll
0x000007fefa3b0000 - 0x000007fefa3eb000 	C:\Windows\system32\WINMM.dll
0x000007fefc020000 - 0x000007fefc02c000 	C:\Windows\system32\VERSION.dll
0x00000000773d0000 - 0x00000000773d7000 	C:\Windows\system32\PSAPI.DLL
0x0000000074190000 - 0x000000007419f000 	C:\Program Files\Java\jdk1.8.0_191\jre\bin\verify.dll
0x00000000691d0000 - 0x00000000691f9000 	C:\Program Files\Java\jdk1.8.0_191\jre\bin\java.dll
0x0000000064100000 - 0x0000000064116000 	C:\Program Files\Java\jdk1.8.0_191\jre\bin\zip.dll
0x000007fefd380000 - 0x000007fefe10a000 	C:\Windows\system32\SHELL32.dll
0x000007fefd180000 - 0x000007fefd37d000 	C:\Windows\system32\ole32.dll
0x000007fefcdd0000 - 0x000007fefcddf000 	C:\Windows\system32\profapi.dll
0x0000000063e30000 - 0x0000000063e4a000 	C:\Program Files\Java\jdk1.8.0_191\jre\bin\net.dll
0x000007fefc550000 - 0x000007fefc5a5000 	C:\Windows\system32\mswsock.dll
0x000007fefc540000 - 0x000007fefc547000 	C:\Windows\System32\wship6.dll
0x000000005d890000 - 0x000000005d8a1000 	C:\Program Files\Java\jdk1.8.0_191\jre\bin\nio.dll
0x000007feeb850000 - 0x000007feeb86e000 	C:\Users\Gabriel\.gradle\native\25\windows-amd64\native-platform.dll
0x0000000073660000 - 0x000000007366d000 	C:\Program Files\Java\jdk1.8.0_191\jre\bin\management.dll
0x000007fefc6a0000 - 0x000007fefc6b8000 	C:\Windows\system32\CRYPTSP.dll
0x000007fefc290000 - 0x000007fefc2d7000 	C:\Windows\system32\rsaenh.dll
0x000007fefd150000 - 0x000007fefd16e000 	C:\Windows\system32\USERENV.dll
0x000007fefcc20000 - 0x000007fefcc2f000 	C:\Windows\system32\CRYPTBASE.dll
0x000007fef9e10000 - 0x000007fef9e37000 	C:\Windows\system32\IPHLPAPI.DLL
0x000007fef9dd0000 - 0x000007fef9ddb000 	C:\Windows\system32\WINNSI.DLL
0x000007fef9920000 - 0x000007fef9931000 	C:\Windows\system32\dhcpcsvc6.DLL
0x000007fef9900000 - 0x000007fef9918000 	C:\Windows\system32\dhcpcsvc.DLL
0x000000005d860000 - 0x000000005d884000 	C:\Program Files\Java\jdk1.8.0_191\jre\bin\sunec.dll
0x000007fefba40000 - 0x000007fefba47000 	C:\Windows\System32\wshtcpip.dll
0x000007fefc3b0000 - 0x000007fefc40b000 	C:\Windows\system32\DNSAPI.dll
0x000007fef8b50000 - 0x000007fef8b58000 	C:\Windows\system32\rasadhlp.dll
0x000007fef9bf0000 - 0x000007fef9c43000 	C:\Windows\System32\fwpuclnt.dll
0x0000000073630000 - 0x000000007363b000 	C:\Program Files\Java\jdk1.8.0_191\jre\bin\sunmscapi.dll
0x000007fefcf10000 - 0x000007fefd07d000 	C:\Windows\system32\CRYPT32.dll
0x000007fefcdc0000 - 0x000007fefcdcf000 	C:\Windows\system32\MSASN1.dll
0x000007fefcbc0000 - 0x000007fefcc17000 	C:\Windows\system32\apphelp.dll
0x000007fee77e0000 - 0x000007fee7905000 	C:\Windows\system32\dbghelp.dll

VM Arguments:
jvm_args: -XX:+HeapDumpOnOutOfMemoryError -Xmx1024m -Dfile.encoding=windows-1252 -Duser.country=BR -Duser.language=pt -Duser.variant 
java_command: org.gradle.launcher.daemon.bootstrap.GradleDaemon 4.4
java_class_path (initial): C:\Users\Gabriel\.gradle\wrapper\dists\gradle-4.4-all\9br9xq1tocpiv8o6njlyu5op1\gradle-4.4\lib\gradle-launcher-4.4.jar
Launcher Type: SUN_STANDARD

Environment Variables:
JAVA_HOME=C:\Program Files\Java\jdk1.8.0_191
CLASSPATH=C:\Users\Gabriel\Desktop\GoWeek\mobile\android\\gradle\wrapper\gradle-wrapper.jar
PATH=C:\Python27\;C:\Python27\Scripts;C:\Windows\system32;C:\Windows;C:\Windows\System32\Wbem;C:\Windows\System32\WindowsPowerShell\v1.0\;C:\Program Files (x86)\NVIDIA Corporation\PhysX\Common;C:\Program Files\dotnet\;C:\Program Files\Microsoft SQL Server\130\Tools\Binn\;C:\Program Files\Git\cmd;C:\Program Files\Microsoft SQL Server\Client SDK\ODBC\110\Tools\Binn\;C:\Program Files (x86)\Microsoft SQL Server\120\Tools\Binn\ManagementStudio\;C:\Program Files (x86)\Microsoft SQL Server\120\Tools\Binn\;C:\Program Files\Microsoft SQL Server\120\Tools\Binn\;C:\Program Files (x86)\Microsoft SQL Server\120\DTS\Binn\;C:\Program Files\Microsoft SQL Server\120\DTS\Binn\;C:\Windows\System32\WindowsPowerShell\v1.0\;C:\Windows\System32\WindowsPowerShell\v1.0\;C:\Program Files\Microsoft VS Code\bin;C:\PostgreSQL\pg10\bin;C:\ProgramData\chocolatey\bin;C:\Program Files\Java\jdk1.8.0_191\bin;C:\Android\android-sdk\tools;C:\Android\android-sdk\platform-tools;C:\Android\android-sdk\tools\bin;C:\Program Files\nodejs\;C:\Program Files\Microsoft VS Code\bin;C:\Program Files\Heroku\bin;C:\Users\Gabriel\AppData\Roaming\npm
USERNAME=Gabriel
OS=Windows_NT
PROCESSOR_IDENTIFIER=Intel64 Family 6 Model 42 Stepping 7, GenuineIntel



---------------  S Y S T E M  ---------------

OS: Windows 7 , 64 bit Build 7601 (6.1.7601.24260)

CPU:total 4 (initial active 4) (2 cores per cpu, 2 threads per core) family 6 model 42 stepping 7, cmov, cx8, fxsr, mmx, sse, sse2, sse3, ssse3, sse4.1, sse4.2, popcnt, avx, clmul, ht, tsc, tscinvbit

Memory: 4k page, physical 4137036k(840584k free), swap 8272172k(1901752k free)

vm_info: Java HotSpot(TM) 64-Bit Server VM (25.191-b12) for windows-amd64 JRE (1.8.0_191-b12), built on Oct  6 2018 09:29:03 by "java_re" with MS VC++ 10.0 (VS2010)

time: Thu Nov 08 22:16:06 2018
elapsed time: 9375 seconds (0d 2h 36m 15s)

